<?xml version="1.0" encoding="UTF-8"?>
<testng-results ignored="0" total="1" passed="1" failed="0" skipped="0">
  <reporter-output>
  </reporter-output>
  <suite started-at="2023-12-13T19:55:21 CST" name="Default suite" finished-at="2023-12-13T19:55:28 CST" duration-ms="6551">
    <groups>
    </groups>
    <test started-at="2023-12-13T19:55:21 CST" name="Default test" finished-at="2023-12-13T19:55:28 CST" duration-ms="6551">
      <class name="Rahul.SeleniumFrameworkDesign.Login">
        <test-method signature="verifyLoginWithValidCredentials()[pri:0, instance:Rahul.SeleniumFrameworkDesign.Login@3a44431a]" started-at="2023-12-13T19:55:21 CST" name="verifyLoginWithValidCredentials" finished-at="2023-12-13T19:55:28 CST" duration-ms="6484" status="PASS">
          <reporter-output>
          </reporter-output>
        </test-method> <!-- verifyLoginWithValidCredentials -->
      </class> <!-- Rahul.SeleniumFrameworkDesign.Login -->
    </test> <!-- Default test -->
  </suite> <!-- Default suite -->
</testng-results>
