<?xml version="1.0" encoding="UTF-8"?>
<testng-results ignored="0" total="1" passed="1" failed="0" skipped="0">
  <reporter-output>
  </reporter-output>
  <suite started-at="2023-12-13T20:46:27 CST" name="Default suite" finished-at="2023-12-13T20:46:32 CST" duration-ms="4796">
    <groups>
    </groups>
    <test started-at="2023-12-13T20:46:27 CST" name="Default test" finished-at="2023-12-13T20:46:32 CST" duration-ms="4796">
      <class name="Sam.SeleniumFrameworkDesign.Login">
        <test-method signature="verifyLoginWithValidCredentials()[pri:0, instance:Sam.SeleniumFrameworkDesign.Login@3a44431a]" started-at="2023-12-13T20:46:27 CST" name="verifyLoginWithValidCredentials" finished-at="2023-12-13T20:46:32 CST" duration-ms="4759" status="PASS">
          <reporter-output>
          </reporter-output>
        </test-method> <!-- verifyLoginWithValidCredentials -->
      </class> <!-- Sam.SeleniumFrameworkDesign.Login -->
    </test> <!-- Default test -->
  </suite> <!-- Default suite -->
</testng-results>
